# JRE version: OpenJDK Runtime Environment AdoptOpenJDK (11.0.10+9) (build 11.0.10+9)
# Java VM: OpenJDK 64-Bit Server VM AdoptOpenJDK (11.0.10+9, mixed mode, tiered, compressed oops, g1 gc, windows-amd64)
Heap:
 garbage-first heap   total 76800K, used 39304K [0x00000000c2200000, 0x0000000100000000)
  region size 1024K, 22 young (22528K), 4 survivors (4096K)
 Metaspace       used 26413K, capacity 26596K, committed 26624K, reserved 1073152K
  class space    used 3003K, capacity 3066K, committed 3072K, reserved 1048576K
GC Heap History (14 events):
Event: 0.890 GC heap before
{Heap before GC invocations=0 (full 0):
 garbage-first heap   total 63488K, used 14336K [0x00000000c2200000, 0x0000000100000000)
  region size 1024K, 14 young (14336K), 0 survivors (0K)
 Metaspace       used 8141K, capacity 8256K, committed 8448K, reserved 1056768K
  class space    used 700K, capacity 723K, committed 768K, reserved 1048576K
}
Event: 0.900 GC heap after
{Heap after GC invocations=1 (full 0):
 garbage-first heap   total 63488K, used 4892K [0x00000000c2200000, 0x0000000100000000)
  region size 1024K, 2 young (2048K), 2 survivors (2048K)
 Metaspace       used 8141K, capacity 8256K, committed 8448K, reserved 1056768K
  class space    used 700K, capacity 723K, committed 768K, reserved 1048576K
}
Event: 1.443 GC heap before
{Heap before GC invocations=1 (full 0):
 garbage-first heap   total 63488K, used 16156K [0x00000000c2200000, 0x0000000100000000)
  region size 1024K, 14 young (14336K), 2 survivors (2048K)
 Metaspace       used 9842K, capacity 9977K, committed 10240K, reserved 1058816K
  class space    used 909K, capacity 959K, committed 1024K, reserved 1048576K
}
Event: 1.452 GC heap after
{Heap after GC invocations=2 (full 0):
 garbage-first heap   total 63488K, used 8041K [0x00000000c2200000, 0x0000000100000000)
  region size 1024K, 2 young (2048K), 2 survivors (2048K)
 Metaspace       used 9842K, capacity 9977K, committed 10240K, reserved 1058816K
  class space    used 909K, capacity 959K, committed 1024K, reserved 1048576K
}
Event: 2.258 GC heap before
{Heap before GC invocations=2 (full 0):
 garbage-first heap   total 63488K, used 27497K [0x00000000c2200000, 0x0000000100000000)
  region size 1024K, 22 young (22528K), 2 survivors (2048K)
 Metaspace       used 12761K, capacity 12926K, committed 13184K, reserved 1060864K
  class space    used 1269K, capacity 1322K, committed 1408K, reserved 1048576K
}
Event: 2.270 GC heap after
{Heap after GC invocations=3 (full 0):
 garbage-first heap   total 63488K, used 10989K [0x00000000c2200000, 0x0000000100000000)
  region size 1024K, 3 young (3072K), 3 survivors (3072K)
 Metaspace       used 12761K, capacity 12926K, committed 13184K, reserved 1060864K
  class space    used 1269K, capacity 1322K, committed 1408K, reserved 1048576K
}
Event: 3.138 GC heap before
{Heap before GC invocations=3 (full 0):
 garbage-first heap   total 63488K, used 36589K [0x00000000c2200000, 0x0000000100000000)
  region size 1024K, 24 young (24576K), 3 survivors (3072K)
 Metaspace       used 16161K, capacity 16338K, committed 16384K, reserved 1064960K
  class space    used 1715K, capacity 1778K, committed 1792K, reserved 1048576K
}
Event: 3.155 GC heap after
{Heap after GC invocations=4 (full 0):
 garbage-first heap   total 63488K, used 14336K [0x00000000c2200000, 0x0000000100000000)
  region size 1024K, 3 young (3072K), 3 survivors (3072K)
 Metaspace       used 16161K, capacity 16338K, committed 16384K, reserved 1064960K
  class space    used 1715K, capacity 1778K, committed 1792K, reserved 1048576K
}
Event: 3.893 GC heap before
{Heap before GC invocations=4 (full 0):
 garbage-first heap   total 63488K, used 34816K [0x00000000c2200000, 0x0000000100000000)
  region size 1024K, 24 young (24576K), 3 survivors (3072K)
 Metaspace       used 18049K, capacity 18226K, committed 18560K, reserved 1064960K
  class space    used 2006K, capacity 2078K, committed 2176K, reserved 1048576K
}
Event: 3.908 GC heap after
{Heap after GC invocations=5 (full 0):
 garbage-first heap   total 76800K, used 17483K [0x00000000c2200000, 0x0000000100000000)
  region size 1024K, 3 young (3072K), 3 survivors (3072K)
 Metaspace       used 18049K, capacity 18226K, committed 18560K, reserved 1064960K
  class space    used 2006K, capacity 2078K, committed 2176K, reserved 1048576K
}
Event: 4.798 GC heap before
{Heap before GC invocations=5 (full 0):
 garbage-first heap   total 76800K, used 28747K [0x00000000c2200000, 0x0000000100000000)
  region size 1024K, 16 young (16384K), 3 survivors (3072K)
 Metaspace       used 20991K, capacity 21156K, committed 21248K, reserved 1069056K
  class space    used 2408K, capacity 2497K, committed 2560K, reserved 1048576K
}
Event: 4.814 GC heap after
{Heap after GC invocations=6 (full 0):
 garbage-first heap   total 76800K, used 18961K [0x00000000c2200000, 0x0000000100000000)
  region size 1024K, 2 young (2048K), 2 survivors (2048K)
 Metaspace       used 20991K, capacity 21156K, committed 21248K, reserved 1069056K
  class space    used 2408K, capacity 2497K, committed 2560K, reserved 1048576K
}
Event: 6.757 GC heap before
{Heap before GC invocations=7 (full 0):
 garbage-first heap   total 76800K, used 42513K [0x00000000c2200000, 0x0000000100000000)
  region size 1024K, 26 young (26624K), 2 survivors (2048K)
 Metaspace       used 24895K, capacity 25115K, committed 25344K, reserved 1071104K
  class space    used 2871K, capacity 2957K, committed 3072K, reserved 1048576K
}
Event: 6.776 GC heap after
{Heap after GC invocations=8 (full 0):
 garbage-first heap   total 76800K, used 21896K [0x00000000c2200000, 0x0000000100000000)
  region size 1024K, 4 young (4096K), 4 survivors (4096K)
 Metaspace       used 24895K, capacity 25115K, committed 25344K, reserved 1071104K
  class space    used 2871K, capacity 2957K, committed 3072K, reserved 1048576K
}

